# JRE version: Java(TM) SE Runtime Environment (8.0_171-b11) (build 1.8.0_171-b11)
# Java VM: Java HotSpot(TM) 64-Bit Server VM (25.171-b11 mixed mode bsd-amd64 compressed oops)
Heap:
 PSYoungGen      total 122368K, used 576K [0x00000007aab00000, 0x00000007ba080000, 0x00000007c0000000)
  eden space 121344K, 0% used [0x00000007aab00000,0x00000007aab00000,0x00000007b2180000)
  from space 1024K, 56% used [0x00000007b9e00000,0x00000007b9e90000,0x00000007b9f00000)
  to   space 1536K, 0% used [0x00000007b9f00000,0x00000007b9f00000,0x00000007ba080000)
 ParOldGen       total 116736K, used 116101K [0x0000000780000000, 0x0000000787200000, 0x00000007aab00000)
  object space 116736K, 99% used [0x0000000780000000,0x0000000787161480,0x0000000787200000)
 Metaspace       used 19481K, capacity 19842K, committed 20224K, reserved 1067008K
  class space    used 2087K, capacity 2177K, committed 2304K, reserved 1048576K
GC Heap History (10 events):
Event: 48701.055 GC heap after
Heap after GC invocations=149 (full 2):
 PSYoungGen      total 117760K, used 96K [0x00000007aab00000, 0x00000007ba280000, 0x00000007c0000000)
  eden space 116224K, 0% used [0x00000007aab00000,0x00000007aab00000,0x00000007b1c80000)
  from space 1536K, 6% used [0x00000007b9f80000,0x00000007b9f98000,0x00000007ba100000)
  to   space 1536K, 0% used [0x00000007ba100000,0x00000007ba100000,0x00000007ba280000)
 ParOldGen       total 116736K, used 115069K [0x0000000780000000, 0x0000000787200000, 0x00000007aab00000)
  object space 116736K, 98% used [0x0000000780000000,0x000000078705f5f8,0x0000000787200000)
 Metaspace       used 19479K, capacity 19842K, committed 20224K, reserved 1067008K
  class space    used 2087K, capacity 2177K, committed 2304K, reserved 1048576K
}
Event: 48701.693 GC heap before
{Heap before GC invocations=150 (full 2):
 PSYoungGen      total 117760K, used 116320K [0x00000007aab00000, 0x00000007ba280000, 0x00000007c0000000)
  eden space 116224K, 100% used [0x00000007aab00000,0x00000007b1c80000,0x00000007b1c80000)
  from space 1536K, 6% used [0x00000007b9f80000,0x00000007b9f98000,0x00000007ba100000)
  to   space 1536K, 0% used [0x00000007ba100000,0x00000007ba100000,0x00000007ba280000)
 ParOldGen       total 116736K, used 115069K [0x0000000780000000, 0x0000000787200000, 0x00000007aab00000)
  object space 116736K, 98% used [0x0000000780000000,0x000000078705f5f8,0x0000000787200000)
 Metaspace       used 19479K, capacity 19842K, committed 20224K, reserved 1067008K
  class space    used 2087K, capacity 2177K, committed 2304K, reserved 1048576K
Event: 48701.696 GC heap after
Heap after GC invocations=150 (full 2):
 PSYoungGen      total 112128K, used 64K [0x00000007aab00000, 0x00000007ba180000, 0x00000007c0000000)
  eden space 111616K, 0% used [0x00000007aab00000,0x00000007aab00000,0x00000007b1800000)
  from space 512K, 12% used [0x00000007ba100000,0x00000007ba110000,0x00000007ba180000)
  to   space 1536K, 0% used [0x00000007b9e80000,0x00000007b9e80000,0x00000007ba000000)
 ParOldGen       total 116736K, used 115077K [0x0000000780000000, 0x0000000787200000, 0x00000007aab00000)
  object space 116736K, 98% used [0x0000000780000000,0x00000007870615f8,0x0000000787200000)
 Metaspace       used 19479K, capacity 19842K, committed 20224K, reserved 1067008K
  class space    used 2087K, capacity 2177K, committed 2304K, reserved 1048576K
}
Event: 53555.570 GC heap before
{Heap before GC invocations=151 (full 2):
 PSYoungGen      total 112128K, used 111680K [0x00000007aab00000, 0x00000007ba180000, 0x00000007c0000000)
  eden space 111616K, 100% used [0x00000007aab00000,0x00000007b1800000,0x00000007b1800000)
  from space 512K, 12% used [0x00000007ba100000,0x00000007ba110000,0x00000007ba180000)
  to   space 1536K, 0% used [0x00000007b9e80000,0x00000007b9e80000,0x00000007ba000000)
 ParOldGen       total 116736K, used 115077K [0x0000000780000000, 0x0000000787200000, 0x00000007aab00000)
  object space 116736K, 98% used [0x0000000780000000,0x00000007870615f8,0x0000000787200000)
 Metaspace       used 19481K, capacity 19842K, committed 20224K, reserved 1067008K
  class space    used 2087K, capacity 2177K, committed 2304K, reserved 1048576K
Event: 53555.641 GC heap after
Heap after GC invocations=151 (full 2):
 PSYoungGen      total 108544K, used 512K [0x00000007aab00000, 0x00000007ba180000, 0x00000007c0000000)
  eden space 107008K, 0% used [0x00000007aab00000,0x00000007aab00000,0x00000007b1380000)
  from space 1536K, 33% used [0x00000007b9e80000,0x00000007b9f00000,0x00000007ba000000)
  to   space 1536K, 0% used [0x00000007ba000000,0x00000007ba000000,0x00000007ba180000)
 ParOldGen       total 116736K, used 115101K [0x0000000780000000, 0x0000000787200000, 0x00000007aab00000)
  object space 116736K, 98% used [0x0000000780000000,0x00000007870675f8,0x0000000787200000)
 Metaspace       used 19481K, capacity 19842K, committed 20224K, reserved 1067008K
  class space    used 2087K, capacity 2177K, committed 2304K, reserved 1048576K
}
Event: 53557.073 GC heap before
{Heap before GC invocations=152 (full 2):
 PSYoungGen      total 108544K, used 107520K [0x00000007aab00000, 0x00000007ba180000, 0x00000007c0000000)
  eden space 107008K, 100% used [0x00000007aab00000,0x00000007b1380000,0x00000007b1380000)
  from space 1536K, 33% used [0x00000007b9e80000,0x00000007b9f00000,0x00000007ba000000)
  to   space 1536K, 0% used [0x00000007ba000000,0x00000007ba000000,0x00000007ba180000)
 ParOldGen       total 116736K, used 115101K [0x0000000780000000, 0x0000000787200000, 0x00000007aab00000)
  object space 116736K, 98% used [0x0000000780000000,0x00000007870675f8,0x0000000787200000)
 Metaspace       used 19481K, capacity 19842K, committed 20224K, reserved 1067008K
  class space    used 2087K, capacity 2177K, committed 2304K, reserved 1048576K
Event: 53557.086 GC heap after
Heap after GC invocations=152 (full 2):
 PSYoungGen      total 103936K, used 704K [0x00000007aab00000, 0x00000007ba100000, 0x00000007c0000000)
  eden space 102912K, 0% used [0x00000007aab00000,0x00000007aab00000,0x00000007b0f80000)
  from space 1024K, 68% used [0x00000007ba000000,0x00000007ba0b0000,0x00000007ba100000)
  to   space 1536K, 0% used [0x00000007b9e00000,0x00000007b9e00000,0x00000007b9f80000)
 ParOldGen       total 116736K, used 115501K [0x0000000780000000, 0x0000000787200000, 0x00000007aab00000)
  object space 116736K, 98% used [0x0000000780000000,0x00000007870cb480,0x0000000787200000)
 Metaspace       used 19481K, capacity 19842K, committed 20224K, reserved 1067008K
  class space    used 2087K, capacity 2177K, committed 2304K, reserved 1048576K
}
Event: 53557.569 GC heap before
{Heap before GC invocations=153 (full 2):
 PSYoungGen      total 103936K, used 103616K [0x00000007aab00000, 0x00000007ba100000, 0x00000007c0000000)
  eden space 102912K, 100% used [0x00000007aab00000,0x00000007b0f80000,0x00000007b0f80000)
  from space 1024K, 68% used [0x00000007ba000000,0x00000007ba0b0000,0x00000007ba100000)
  to   space 1536K, 0% used [0x00000007b9e00000,0x00000007b9e00000,0x00000007b9f80000)
 ParOldGen       total 116736K, used 115501K [0x0000000780000000, 0x0000000787200000, 0x00000007aab00000)
  object space 116736K, 98% used [0x0000000780000000,0x00000007870cb480,0x0000000787200000)
 Metaspace       used 19481K, capacity 19842K, committed 20224K, reserved 1067008K
  class space    used 2087K, capacity 2177K, committed 2304K, reserved 1048576K
Event: 53557.603 GC heap after
Heap after GC invocations=153 (full 2):
 PSYoungGen      total 122368K, used 576K [0x00000007aab00000, 0x00000007ba080000, 0x00000007c0000000)
  eden space 121344K, 0% used [0x00000007aab00000,0x00000007aab00000,0x00000007b2180000)
  from space 1024K, 56% used [0x00000007b9e00000,0x00000007b9e90000,0x00000007b9f00000)
  to   space 1536K, 0% used [0x00000007b9f00000,0x00000007b9f00000,0x00000007ba080000)
 ParOldGen       total 116736K, used 116101K [0x0000000780000000, 0x0000000787200000, 0x00000007aab00000)
  object space 116736K, 99% used [0x0000000780000000,0x0000000787161480,0x0000000787200000)
 Metaspace       used 19481K, capacity 19842K, committed 20224K, reserved 1067008K
  class space    used 2087K, capacity 2177K, committed 2304K, reserved 1048576K
}
Event: 53557.609 GC heap before
{Heap before GC invocations=154 (full 3):
 PSYoungGen      total 122368K, used 576K [0x00000007aab00000, 0x00000007ba080000, 0x00000007c0000000)
  eden space 121344K, 0% used [0x00000007aab00000,0x00000007aab00000,0x00000007b2180000)
  from space 1024K, 56% used [0x00000007b9e00000,0x00000007b9e90000,0x00000007b9f00000)
  to   space 1536K, 0% used [0x00000007b9f00000,0x00000007b9f00000,0x00000007ba080000)
 ParOldGen       total 116736K, used 116101K [0x0000000780000000, 0x0000000787200000, 0x00000007aab00000)
  object space 116736K, 99% used [0x0000000780000000,0x0000000787161480,0x0000000787200000)
 Metaspace       used 19481K, capacity 19842K, committed 20224K, reserved 1067008K
  class space    used 2087K, capacity 2177K, committed 2304K, reserved 1048576K

